<?xml version="1.0" encoding="UTF-8"?>
<!-- Generated by org.testng.reporters.JUnitXMLReporter -->
<testsuite ignored="7" hostname="Khosruz" failures="0" tests="1" name="Default test" time="0.144" errors="0" timestamp="2024-01-10T20:32:58 EST">
  <testcase classname="com.BaseClass.BaseTest" name="@BeforeClass setup" time="-1.704936778435E9">
    <failure type="org.testng.TestNGException" message="
Parameter &amp;apos;browser&amp;apos; is required by BeforeClass on method setup but has not been marked @Optional or defined
in C:\Users\zaman\AppData\Local\Temp\testng-eclipse-891933632\testng-customsuite.xml">
      <![CDATA[org.testng.TestNGException: 
Parameter 'browser' is required by BeforeClass on method setup but has not been marked @Optional or defined
in C:\Users\zaman\AppData\Local\Temp\testng-eclipse-891933632\testng-customsuite.xml
at org.testng.internal.Parameters.createParams(Parameters.java:272)
at org.testng.internal.Parameters.createParametersForMethod(Parameters.java:360)
at org.testng.internal.Parameters.createParameters(Parameters.java:704)
at org.testng.internal.Parameters.createConfigurationParameters(Parameters.java:166)
at org.testng.internal.ConfigInvoker.invokeConfigurations(ConfigInvoker.java:283)
at org.testng.internal.TestMethodWorker.invokeBeforeClassMethods(TestMethodWorker.java:176)
at org.testng.internal.TestMethodWorker.run(TestMethodWorker.java:122)
at java.base/java.util.ArrayList.forEach(ArrayList.java:1511)
at org.testng.TestRunner.privateRun(TestRunner.java:766)
at org.testng.TestRunner.run(TestRunner.java:587)
at org.testng.SuiteRunner.runTest(SuiteRunner.java:384)
at org.testng.SuiteRunner.runSequentially(SuiteRunner.java:378)
at org.testng.SuiteRunner.privateRun(SuiteRunner.java:337)
at org.testng.SuiteRunner.run(SuiteRunner.java:286)
at org.testng.SuiteRunnerWorker.runSuite(SuiteRunnerWorker.java:53)
at org.testng.SuiteRunnerWorker.run(SuiteRunnerWorker.java:96)
at org.testng.TestNG.runSuitesSequentially(TestNG.java:1187)
at org.testng.TestNG.runSuitesLocally(TestNG.java:1109)
at org.testng.TestNG.runSuites(TestNG.java:1039)
at org.testng.TestNG.run(TestNG.java:1007)
at org.testng.remote.AbstractRemoteTestNG.run(AbstractRemoteTestNG.java:115)
at org.testng.remote.RemoteTestNG.initAndRun(RemoteTestNG.java:251)
at org.testng.remote.RemoteTestNG.main(RemoteTestNG.java:77)
]]>
    </failure>
  </testcase> <!-- @BeforeClass setup -->
  <testcase classname="com.BaseClass.BaseTest" name="@AfterClass tearDown" time="-1.704936778462E9">
    <skipped/>
  </testcase> <!-- @AfterClass tearDown -->
  <testcase classname="com.Tests.DeshBoardOrderTest" name="legsSelectionTest" time="0.0">
    <skipped/>
  </testcase> <!-- legsSelectionTest -->
  <testcase classname="com.Tests.DeshBoardOrderTest" name="orderManueTest" time="0.0">
    <ignored/>
  </testcase> <!-- orderManueTest -->
  <testcase classname="com.Tests.DeshBoardOrderTest" name="loginForOrder" time="0.0">
    <ignored/>
  </testcase> <!-- loginForOrder -->
  <testcase classname="com.Tests.DeshBoardOrderTest" name="heasdSelectionTest" time="0.0">
    <ignored/>
  </testcase> <!-- heasdSelectionTest -->
  <testcase classname="com.Tests.DeshBoardOrderTest" name="shippingAddress" time="0.0">
    <ignored/>
  </testcase> <!-- shippingAddress -->
  <testcase classname="com.Tests.DeshBoardOrderTest" name="displayReceipt" time="0.0">
    <ignored/>
  </testcase> <!-- displayReceipt -->
  <testcase classname="com.Tests.DeshBoardOrderTest" name="bodySelectionTest" time="0.0">
    <ignored/>
  </testcase> <!-- bodySelectionTest -->
  <testcase classname="com.Tests.DeshBoardOrderTest" name="pageTitleTest" time="0.0">
    <ignored/>
  </testcase> <!-- pageTitleTest -->
</testsuite> <!-- Default test -->
